[2025-07-07 22:44:38] local.INFO: Raw request data: {"all":{"_token":"Bvgcab9XNAzR8Qy4uQJ5Yas8qPFmZ26ob1CON8RQ","customer_reference":null,"internal_notes":null,"requirements":null,"items":[{"product_type":"unlisted","product_id":null,"product_name":null,"product_description":null,"product_brand":null,"product_category":null,"product_specifications":null,"specifications":null,"size":null,"quantity":"1.00","requirements":null,"notes":null}],"targeting_method":"categories","target_categories":["94"],"attachments":[{"Illuminate\\Http\\UploadedFile":"C:\\xampp\\tmp\\phpCEF8.tmp"}]},"has_items":true,"items_count":1,"items_detail":[{"product_type":"unlisted","product_id":null,"product_name":null,"product_description":null,"product_brand":null,"product_category":null,"product_specifications":null,"specifications":null,"size":null,"quantity":"1.00","requirements":null,"notes":null}]} 
[2025-07-07 22:44:38] local.INFO: Filtered items: {"filtered_items":[]} 
[2025-07-07 22:44:38] local.INFO: Validation passed {"validated_data":{"requirements":null,"customer_reference":null,"internal_notes":null,"items":[],"targeting_method":"categories","attachments":[{"Illuminate\\Http\\UploadedFile":"C:\\xampp\\tmp\\phpCEF8.tmp"}],"target_categories":["94"]}} 
[2025-07-07 22:44:38] local.INFO: Creating new inquiry {"items_count":0} 
[2025-07-07 22:44:38] local.INFO: Inquiry saved successfully {"inquiry_id":6,"reference_number":"INQ-2025-00002","items_count":0} 
[2025-07-07 22:44:38] local.INFO: Filtering suppliers by targeted categories {"target_category_ids":["94"],"inquiry_id":6} 
[2025-07-07 22:44:38] local.INFO: Targeted suppliers found {"inquiry_id":6,"broadcast_to_all_suppliers":false,"target_supplier_categories":["94"],"supplier_count":2,"supplier_ids":[660,661]} 
[2025-07-07 22:44:41] local.INFO: Email notification sent successfully to supplier 660 (walid.babi.dubai@gmail.com)  
[2025-07-07 22:44:41] local.INFO: Email notification sent successfully to supplier 661 (supplier@localhost.com)  
[2025-07-07 22:44:41] local.INFO: Inquiry broadcast successful {"inquiry_id":6} 
[2025-07-07 22:44:55] local.INFO: Supplier login notification sent for user 661 via Email  
[2025-07-07 22:44:55] local.INFO: Login notification skipped for user 661 - cooldown period active  
[2025-07-07 22:50:23] local.ERROR: SQLSTATE[42S22]: Column not found: 1054 Unknown column 'is_active' in 'where clause' (Connection: mysql, SQL: select `id`, `slug`, `name`, `updated_at`, `category_id`, `brand_id`, `image_url` from `products` where `is_active` = 1) {"exception":"[object] (Illuminate\\Database\\QueryException(code: 42S22): SQLSTATE[42S22]: Column not found: 1054 Unknown column 'is_active' in 'where clause' (Connection: mysql, SQL: select `id`, `slug`, `name`, `updated_at`, `category_id`, `brand_id`, `image_url` from `products` where `is_active` = 1) at C:\\Users\\Walid\\OneDrive\\Desktop\\MaxMed\\vendor\\laravel\\framework\\src\\Illuminate\\Database\\Connection.php:825)
[previous exception] [object] (PDOException(code: 42S22): SQLSTATE[42S22]: Column not found: 1054 Unknown column 'is_active' in 'where clause' at C:\\Users\\Walid\\OneDrive\\Desktop\\MaxMed\\vendor\\laravel\\framework\\src\\Illuminate\\Database\\Connection.php:407)"} 
[2025-07-07 23:19:43] local.ERROR: The "--table" option does not exist. {"exception":"[object] (Symfony\\Component\\Console\\Exception\\RuntimeException(code: 0): The \"--table\" option does not exist. at C:\\Users\\Walid\\OneDrive\\Desktop\\MaxMed\\vendor\\symfony\\console\\Input\\ArgvInput.php:226)"} 
[2025-07-08 10:19:52] local.ERROR: PHP Parse error: Syntax error, unexpected T_NS_SEPARATOR, expecting ')' on line 1 {"exception":"[object] (Psy\\Exception\\ParseErrorException(code: 0): PHP Parse error: Syntax error, unexpected T_NS_SEPARATOR, expecting ')' on line 1 at C:\\Users\\Walid\\OneDrive\\Desktop\\MaxMed\\vendor\\psy\\psysh\\src\\Exception\\ParseErrorException.php:44)"} 
[2025-07-08 10:20:04] local.ERROR: There are no commands defined in the "log" namespace. {"exception":"[object] (Symfony\\Component\\Console\\Exception\\NamespaceNotFoundException(code: 0): There are no commands defined in the \"log\" namespace. at C:\\Users\\Walid\\OneDrive\\Desktop\\MaxMed\\vendor\\symfony\\console\\Application.php:659)"} 
[2025-07-08 11:26:26] local.INFO: Login notification sent for user 7 via Email  
[2025-07-08 11:26:26] local.INFO: Login notification skipped for user 7 - cooldown period active  
[2025-07-08 11:30:47] local.ERROR: The "--dry-run" option does not exist. {"exception":"[object] (Symfony\\Component\\Console\\Exception\\RuntimeException(code: 0): The \"--dry-run\" option does not exist. at C:\\Users\\Walid\\OneDrive\\Desktop\\MaxMed\\vendor\\symfony\\console\\Input\\ArgvInput.php:226)"} 
[2025-07-08 11:34:32] local.ERROR: PHP Parse error: Syntax error, unexpected T_NS_SEPARATOR on line 1 {"exception":"[object] (Psy\\Exception\\ParseErrorException(code: 0): PHP Parse error: Syntax error, unexpected T_NS_SEPARATOR on line 1 at C:\\Users\\Walid\\OneDrive\\Desktop\\MaxMed\\vendor\\psy\\psysh\\src\\Exception\\ParseErrorException.php:44)"} 
[2025-07-08 11:34:37] local.ERROR: PHP Parse error: Syntax error, unexpected T_NS_SEPARATOR on line 1 {"exception":"[object] (Psy\\Exception\\ParseErrorException(code: 0): PHP Parse error: Syntax error, unexpected T_NS_SEPARATOR on line 1 at C:\\Users\\Walid\\OneDrive\\Desktop\\MaxMed\\vendor\\psy\\psysh\\src\\Exception\\ParseErrorException.php:44)"} 
[2025-07-08 13:20:57] local.ERROR: Command "seo:generate-comprehensive-sitemap" is not defined.

Did you mean one of these?
    seo:audit
    seo:audit-advanced
    seo:discover-urls
    seo:enhance-from-console
    seo:fix-canonical-urls
    seo:fix-issues
    seo:fix-page-indexing
    seo:fix-search-console-urls
    seo:local-business-schema
    seo:monitor-search-console
    seo:optimize-advanced
    seo:optimize-lab-essentials
    seo:optimize-search-console
    seo:quick-wins {"exception":"[object] (Symfony\\Component\\Console\\Exception\\CommandNotFoundException(code: 0): Command \"seo:generate-comprehensive-sitemap\" is not defined.

Did you mean one of these?
    seo:audit
    seo:audit-advanced
    seo:discover-urls
    seo:enhance-from-console
    seo:fix-canonical-urls
    seo:fix-issues
    seo:fix-page-indexing
    seo:fix-search-console-urls
    seo:local-business-schema
    seo:monitor-search-console
    seo:optimize-advanced
    seo:optimize-lab-essentials
    seo:optimize-search-console
    seo:quick-wins at C:\\Users\\Walid\\OneDrive\\Desktop\\MaxMed\\vendor\\symfony\\console\\Application.php:725)"} 
[2025-07-08 13:21:09] local.ERROR: SQLSTATE[42S22]: Column not found: 1054 Unknown column 'meta_description' in 'where clause' (Connection: mysql, SQL: select * from `products` where `meta_description` is null or `meta_description` =  limit 50) {"exception":"[object] (Illuminate\\Database\\QueryException(code: 42S22): SQLSTATE[42S22]: Column not found: 1054 Unknown column 'meta_description' in 'where clause' (Connection: mysql, SQL: select * from `products` where `meta_description` is null or `meta_description` =  limit 50) at C:\\Users\\Walid\\OneDrive\\Desktop\\MaxMed\\vendor\\laravel\\framework\\src\\Illuminate\\Database\\Connection.php:825)
[previous exception] [object] (PDOException(code: 42S22): SQLSTATE[42S22]: Column not found: 1054 Unknown column 'meta_description' in 'where clause' at C:\\Users\\Walid\\OneDrive\\Desktop\\MaxMed\\vendor\\laravel\\framework\\src\\Illuminate\\Database\\Connection.php:407)"} 
